<?xml version="1.0" encoding="UTF-8"?>
<!-- Generated by org.testng.reporters.JUnitReportReporter -->
<testsuite skipped="0" hostname="DESKTOP-S1PH1A1" name="Resources.CallingClass" tests="2" failures="0" timestamp="16 Nov 2018 15:15:35 GMT" time="24.821" errors="0">
  <testcase name="Sigin" time="15.204" classname="Resources.CallingClass"/>
  <testcase name="navgatingHomePage" time="9.617" classname="Resources.CallingClass"/>
</testsuite> <!-- Resources.CallingClass -->
