<?xml version="1.0" encoding="UTF-8"?>
<!-- Generated by org.testng.reporters.JUnitReportReporter -->
<testsuite hostname="DESKTOP-S1PH1A1" name="TestingFrameWork.BuildingFrameWork.HomePage" tests="1" failures="0" timestamp="31 Oct 2018 09:54:12 GMT" time="6.636" errors="0">
  <testcase name="loginPage" time="6.636" classname="TestingFrameWork.BuildingFrameWork.HomePage"/>
</testsuite> <!-- TestingFrameWork.BuildingFrameWork.HomePage -->
