<?xml version="1.0" encoding="UTF-8"?>
<!-- Generated by org.testng.reporters.JUnitReportReporter -->
<testsuite hostname="DESKTOP-S1PH1A1" name="extentReportTest.LoginTest_ScreenshotTest" tests="1" failures="0" timestamp="28 Jan 2019 10:23:09 GMT" time="5.260" errors="0">
  <testcase name="signIn" time="5.260" classname="extentReportTest.LoginTest_ScreenshotTest"/>
</testsuite> <!-- extentReportTest.LoginTest_ScreenshotTest -->
