<?xml version="1.0" encoding="UTF-8"?>
<!-- Generated by org.testng.reporters.JUnitReportReporter -->
<testsuite hostname="DESKTOP-S1PH1A1" name="extentReportTest.SeleniumLogIn_Test" tests="1" failures="0" timestamp="28 Jan 2019 11:46:04 GMT" time="4.586" errors="0">
  <testcase name="validLoginTest" time="4.586" classname="extentReportTest.SeleniumLogIn_Test"/>
</testsuite> <!-- extentReportTest.SeleniumLogIn_Test -->
