<?xml version="1.0" encoding="UTF-8"?>
<!-- Generated by org.testng.reporters.JUnitReportReporter -->
<testsuite hostname="DESKTOP-S1PH1A1" name="extentReportTest.Test_ExtentFactory" tests="1" failures="0" timestamp="28 Jan 2019 10:52:37 GMT" time="4.994" errors="0">
  <testcase name="validLoginTest" time="4.994" classname="extentReportTest.Test_ExtentFactory"/>
</testsuite> <!-- extentReportTest.Test_ExtentFactory -->
