<?xml version="1.0" encoding="UTF-8"?>
<!-- Generated by org.testng.reporters.JUnitReportReporter -->
<testsuite skipped="0" hostname="DESKTOP-S1PH1A1" name="test.Basic4" tests="3" failures="0" timestamp="29 Sep 2018 10:33:17 GMT" time="0.004" errors="0">
  <testcase name="WEbloginHomeLoan" time="0.002" classname="test.Basic4"/>
  <testcase name="MobileLoginHomeLoan" time="0.001" classname="test.Basic4"/>
  <testcase name="LoginAPIHomeLoan" time="0.001" classname="test.Basic4"/>
</testsuite> <!-- test.Basic4 -->
