<?xml version="1.0" encoding="UTF-8"?>
<!-- Generated by org.testng.reporters.JUnitReportReporter -->
<testsuite skipped="0" hostname="DESKTOP-S1PH1A1" name="regressionSuite.TestAsserts" tests="3" failures="0" timestamp="10 Jan 2019 11:59:47 GMT" time="0.005" errors="0">
  <testcase name="testAarraya" time="0.003" classname="regressionSuite.TestAsserts"/>
  <testcase name="testSum" time="0.001" classname="regressionSuite.TestAsserts"/>
  <testcase name="testString" time="0.001" classname="regressionSuite.TestAsserts"/>
</testsuite> <!-- regressionSuite.TestAsserts -->
