<?xml version="1.0" encoding="UTF-8"?>
<!-- Generated by org.testng.reporters.JUnitReportReporter -->
<testsuite skipped="0" hostname="DESKTOP-S1PH1A1" name="preserveOrderExecution.PreserveOrder2" tests="2" failures="0" timestamp="11 Jan 2019 10:24:55 GMT" time="0.011" errors="0">
  <testcase name="multiply" time="0.009" classname="preserveOrderExecution.PreserveOrder2"/>
  <testcase name="divide" time="0.002" classname="preserveOrderExecution.PreserveOrder2"/>
</testsuite> <!-- preserveOrderExecution.PreserveOrder2 -->
