<?xml version="1.0" encoding="UTF-8"?>
<!-- Generated by org.testng.reporters.JUnitReportReporter -->
<testsuite skipped="0" hostname="DESKTOP-S1PH1A1" name="dataProviders.DataProviderTest" tests="4" failures="0" timestamp="14 Jan 2019 14:32:11 GMT" time="0.011" errors="0">
  <testcase name="test1" time="0.001" classname="dataProviders.DataProviderTest"/>
  <testcase name="test1" time="0.008" classname="dataProviders.DataProviderTest"/>
  <testcase name="test1" time="0.001" classname="dataProviders.DataProviderTest"/>
  <testcase name="test1" time="0.001" classname="dataProviders.DataProviderTest"/>
</testsuite> <!-- dataProviders.DataProviderTest -->
