<?xml version="1.0" encoding="UTF-8"?>
<!-- Generated by org.testng.reporters.JUnitReportReporter -->
<testsuite skipped="1" hostname="DESKTOP-S1PH1A1" name="test.Basic1" tests="3" failures="0" timestamp="29 Sep 2018 10:33:17 GMT" time="0.007" errors="0">
  <testcase name="secondloaninstrulment" time="0.001" classname="test.Basic1"/>
  <testcase name="allloanpaid" time="0.006" classname="test.Basic1"/>
  <testcase name="Firstloan" classname="test.Basic1">
    <skipped/>
  </testcase> <!-- Firstloan -->
</testsuite> <!-- test.Basic1 -->
