<?xml version="1.0" encoding="UTF-8"?>
<!-- Generated by org.testng.reporters.JUnitReportReporter -->
<testsuite skipped="0" hostname="DESKTOP-S1PH1A1" name="preserveOrderExecution.PreserverOrder1" tests="2" failures="0" timestamp="11 Jan 2019 10:24:55 GMT" time="0.002" errors="0">
  <testcase name="add" time="0.001" classname="preserveOrderExecution.PreserverOrder1"/>
  <testcase name="sub" time="0.001" classname="preserveOrderExecution.PreserverOrder1"/>
</testsuite> <!-- preserveOrderExecution.PreserverOrder1 -->
