<?xml version="1.0" encoding="UTF-8"?>
<!-- Generated by org.testng.reporters.JUnitReportReporter -->
<testsuite skipped="0" hostname="DESKTOP-S1PH1A1" name="parallelTest.ParallelTest2" tests="2" failures="0" timestamp="14 Jan 2019 12:56:04 GMT" time="32.233" errors="0">
  <testcase name="faceBook" time="0.432" classname="parallelTest.ParallelTest2"/>
  <testcase name="pwd" time="31.801" classname="parallelTest.ParallelTest2"/>
</testsuite> <!-- parallelTest.ParallelTest2 -->
