<?xml version="1.0" encoding="UTF-8"?>
<!-- Generated by org.testng.reporters.JUnitReportReporter -->
<testsuite skipped="0" hostname="DESKTOP-S1PH1A1" name="methodsAndAnnotations.AnnotationClass" tests="2" failures="0" timestamp="10 Jan 2019 10:52:43 GMT" time="0.008" errors="0">
  <testcase name="testMethod2" time="0.001" classname="methodsAndAnnotations.AnnotationClass"/>
  <testcase name="testMethod1" time="0.007" classname="methodsAndAnnotations.AnnotationClass"/>
</testsuite> <!-- methodsAndAnnotations.AnnotationClass -->
