<?xml version="1.0" encoding="UTF-8"?>
<!-- Generated by org.testng.reporters.JUnitReportReporter -->
<testsuite skipped="0" hostname="DESKTOP-S1PH1A1" name="parallelTest.ParallelTest1" tests="3" failures="0" timestamp="14 Jan 2019 12:56:04 GMT" time="13.357" errors="0">
  <testcase name="ebay" time="6.345" classname="parallelTest.ParallelTest1"/>
  <testcase name="search" time="7.011" classname="parallelTest.ParallelTest1"/>
  <testcase name="stringToInteger" time="0.001" classname="parallelTest.ParallelTest1"/>
</testsuite> <!-- parallelTest.ParallelTest1 -->
