<?xml version="1.0" encoding="UTF-8"?>
<!-- Generated by org.testng.reporters.JUnitReportReporter -->
<testsuite skipped="0" hostname="DESKTOP-S1PH1A1" name="test.Basic2" tests="1" failures="0" timestamp="28 Sep 2018 16:04:56 GMT" time="0.000" errors="0">
  <testcase name="third" time="0.000" classname="test.Basic2"/>
</testsuite> <!-- test.Basic2 -->
