<?xml version="1.0" encoding="UTF-8"?>
<!-- Generated by org.testng.reporters.JUnitReportReporter -->
<testsuite skipped="0" hostname="DESKTOP-S1PH1A1" name="testngAsserts.TestNG_SoftAsserts" tests="1" failures="0" timestamp="10 Jan 2019 10:15:33 GMT" time="0.014" errors="0">
  <testcase name="testSum" time="0.014" classname="testngAsserts.TestNG_SoftAsserts"/>
</testsuite> <!-- testngAsserts.TestNG_SoftAsserts -->
