<?xml version="1.0" encoding="UTF-8"?>
<!-- Generated by org.testng.reporters.JUnitReportReporter -->
<testsuite skipped="0" hostname="DESKTOP-S1PH1A1" name="testngAsserts.TestAsserts" tests="3" failures="0" timestamp="10 Jan 2019 10:58:19 GMT" time="0.011" errors="0">
  <testcase name="testAarraya" time="0.010" classname="testngAsserts.TestAsserts"/>
  <testcase name="testSum" time="0.000" classname="testngAsserts.TestAsserts"/>
  <testcase name="testString" time="0.001" classname="testngAsserts.TestAsserts"/>
</testsuite> <!-- testngAsserts.TestAsserts -->
