<?xml version="1.0" encoding="UTF-8"?>
<!-- Generated by org.testng.reporters.JUnitReportReporter -->
<testsuite skipped="1" hostname="DESKTOP-S1PH1A1" name="diabaleAndTimeoutTest.TestNG_EnableTimeOut" tests="2" failures="0" timestamp="10 Jan 2019 19:11:32 GMT" time="0.005" errors="0">
  <testcase name="testMethod2" time="0.005" classname="diabaleAndTimeoutTest.TestNG_EnableTimeOut"/>
  <testcase name="testMethod1" classname="diabaleAndTimeoutTest.TestNG_EnableTimeOut">
    <skipped/>
  </testcase> <!-- testMethod1 -->
</testsuite> <!-- diabaleAndTimeoutTest.TestNG_EnableTimeOut -->
