<?xml version="1.0" encoding="UTF-8"?>
<!-- Generated by org.testng.reporters.JUnitReportReporter -->
<testsuite skipped="0" hostname="DESKTOP-S1PH1A1" name="groupingTestNG.TestNg_Grouping" tests="3" failures="0" timestamp="10 Jan 2019 14:18:22 GMT" time="6.527" errors="0">
  <testcase name="allCars" time="0.004" classname="groupingTestNG.TestNg_Grouping"/>
  <testcase name="ebay" time="2.944" classname="groupingTestNG.TestNg_Grouping"/>
  <testcase name="autoTrade" time="3.579" classname="groupingTestNG.TestNg_Grouping"/>
</testsuite> <!-- groupingTestNG.TestNg_Grouping -->
