<?xml version="1.0" encoding="UTF-8"?>
<!-- Generated by org.testng.reporters.JUnitReportReporter -->
<testsuite skipped="0" hostname="DESKTOP-S1PH1A1" name="regressionSuite.TestNG_TestClass1" tests="1" failures="0" timestamp="10 Jan 2019 12:02:53 GMT" time="2.134" errors="0">
  <testcase name="openingWebsite" time="2.134" classname="regressionSuite.TestNG_TestClass1"/>
</testsuite> <!-- regressionSuite.TestNG_TestClass1 -->
