<?xml version="1.0" encoding="UTF-8"?>
<!-- Generated by org.testng.reporters.JUnitReportReporter -->
<testsuite skipped="0" hostname="DESKTOP-S1PH1A1" name="ListenersTestMethod.ListenerClassTest" tests="2" failures="0" timestamp="17 Jan 2019 12:03:59 GMT" time="0.007" errors="0">
  <testcase name="add" time="0.005" classname="ListenersTestMethod.ListenerClassTest"/>
  <testcase name="multi" time="0.002" classname="ListenersTestMethod.ListenerClassTest"/>
</testsuite> <!-- ListenersTestMethod.ListenerClassTest -->
