<?xml version="1.0" encoding="UTF-8"?>
<!-- Generated by org.testng.reporters.JUnitReportReporter -->
<testsuite skipped="0" hostname="DESKTOP-S1PH1A1" name="TestCases.CallingClass" tests="2" failures="0" timestamp="15 Nov 2018 18:40:16 GMT" time="14.784" errors="0">
  <testcase name="Sigin" time="8.241" classname="TestCases.CallingClass"/>
  <testcase name="navgatingHomePage" time="6.543" classname="TestCases.CallingClass"/>
</testsuite> <!-- TestCases.CallingClass -->
