<?xml version="1.0" encoding="UTF-8"?>
<!-- Generated by org.testng.reporters.JUnitReportReporter -->
<testsuite skipped="0" hostname="DESKTOP-S1PH1A1" name="dependencies.OverloadingMethods" tests="4" failures="0" timestamp="20 Oct 2018 16:29:19 GMT" time="0.011" errors="0">
  <testcase name="overloaddingtest" time="0.001" classname="dependencies.OverloadingMethods"/>
  <testcase name="Execrise" time="0.001" classname="dependencies.OverloadingMethods"/>
  <testcase name="Execrise" time="0.001" classname="dependencies.OverloadingMethods"/>
  <testcase name="Execrise" time="0.008" classname="dependencies.OverloadingMethods"/>
</testsuite> <!-- dependencies.OverloadingMethods -->
