<?xml version="1.0" encoding="UTF-8"?>
<!-- Generated by org.testng.reporters.JUnitReportReporter -->
<testsuite skipped="0" hostname="DESKTOP-S1PH1A1" name="testNg1.TestingTestNG" tests="1" failures="0" timestamp="06 Jan 2019 12:07:07 GMT" time="0.008" errors="0">
  <testcase name="Method1test" time="0.008" classname="testNg1.TestingTestNG"/>
</testsuite> <!-- testNg1.TestingTestNG -->
