<?xml version="1.0" encoding="UTF-8"?>
<!-- Generated by org.testng.reporters.JUnitReportReporter -->
<testsuite skipped="0" hostname="DESKTOP-S1PH1A1" name="dependencies.DependsOnMethodEx1" tests="2" failures="0" timestamp="09 Dec 2018 10:53:27 GMT" time="0.015" errors="0">
  <testcase name="serverStartedOk" time="0.012" classname="dependencies.DependsOnMethodEx1"/>
  <testcase name="method1" time="0.003" classname="dependencies.DependsOnMethodEx1"/>
</testsuite> <!-- dependencies.DependsOnMethodEx1 -->
