<?xml version="1.0" encoding="UTF-8"?>
<!-- Generated by org.testng.reporters.JUnitReportReporter -->
<testsuite skipped="0" hostname="DESKTOP-S1PH1A1" name="grouping.GroupingExe1" tests="1" failures="0" timestamp="10 Jan 2019 13:57:41 GMT" time="3.697" errors="0">
  <testcase name="openBrowser" time="3.697" classname="grouping.GroupingExe1"/>
</testsuite> <!-- grouping.GroupingExe1 -->
