<?xml version="1.0" encoding="UTF-8"?>
<!-- Generated by org.testng.reporters.JUnitReportReporter -->
<testsuite skipped="0" hostname="DESKTOP-S1PH1A1" name="parallelExcuteMultipleTest.ParallelTest" tests="5" failures="0" timestamp="06 Jan 2019 12:23:34 GMT" time="21.988" errors="0">
  <testcase name="openBrowser" time="3.084" classname="parallelExcuteMultipleTest.ParallelTest"/>
  <testcase name="landingOnWebsite" time="4.298" classname="parallelExcuteMultipleTest.ParallelTest"/>
  <testcase name="clickOnMyebay" time="8.376" classname="parallelExcuteMultipleTest.ParallelTest"/>
  <testcase name="userName" time="0.240" classname="parallelExcuteMultipleTest.ParallelTest"/>
  <testcase name="signin" time="5.990" classname="parallelExcuteMultipleTest.ParallelTest"/>
</testsuite> <!-- parallelExcuteMultipleTest.ParallelTest -->
