<?xml version="1.0" encoding="UTF-8"?>
<!-- Generated by org.testng.reporters.JUnitReportReporter -->
<testsuite skipped="0" hostname="DESKTOP-S1PH1A1" name="testNg1.test1" tests="1" failures="0" timestamp="10 Jan 2019 13:58:27 GMT" time="0.008" errors="0">
  <testcase name="getsum" time="0.008" classname="testNg1.test1"/>
</testsuite> <!-- testNg1.test1 -->
