<?xml version="1.0" encoding="UTF-8"?>
<!-- Generated by org.testng.reporters.JUnitReportReporter -->
<testsuite skipped="0" hostname="DESKTOP-S1PH1A1" name="dataProvider.DataProviderUsingCallingClassEx2" tests="2" failures="0" timestamp="15 Nov 2018 17:35:40 GMT" time="0.009" errors="0">
  <testcase name="TestDataProvider" time="0.008" classname="dataProvider.DataProviderUsingCallingClassEx2"/>
  <testcase name="TestDataProvider" time="0.001" classname="dataProvider.DataProviderUsingCallingClassEx2"/>
</testsuite> <!-- dataProvider.DataProviderUsingCallingClassEx2 -->
