<?xml version="1.0" encoding="UTF-8"?>
<!-- Generated by org.testng.reporters.JUnitReportReporter -->
<testsuite skipped="0" hostname="DESKTOP-S1PH1A1" name="parallelExcuteMultipleTest.ParallelTestExe2" tests="5" failures="0" timestamp="06 Jan 2019 12:23:34 GMT" time="25.373" errors="0">
  <testcase name="openBrowser" time="2.964" classname="parallelExcuteMultipleTest.ParallelTestExe2"/>
  <testcase name="currentUrl" time="20.297" classname="parallelExcuteMultipleTest.ParallelTestExe2"/>
  <testcase name="siginButton" time="0.813" classname="parallelExcuteMultipleTest.ParallelTestExe2"/>
  <testcase name="emailInfo" time="0.373" classname="parallelExcuteMultipleTest.ParallelTestExe2"/>
  <testcase name="submit" time="0.926" classname="parallelExcuteMultipleTest.ParallelTestExe2"/>
</testsuite> <!-- parallelExcuteMultipleTest.ParallelTestExe2 -->
