<?xml version="1.0" encoding="UTF-8"?>
<!-- Generated by org.testng.reporters.JUnitReportReporter -->
<testsuite skipped="0" hostname="DESKTOP-S1PH1A1" name="dependencies.GroupDependencies" tests="1" failures="0" timestamp="09 Dec 2018 10:52:56 GMT" time="0.009" errors="0">
  <testcase name="loginStartedOk" time="0.009" classname="dependencies.GroupDependencies"/>
</testsuite> <!-- dependencies.GroupDependencies -->
