<?xml version="1.0" encoding="UTF-8"?>
<!-- Generated by org.testng.reporters.JUnitReportReporter -->
<testsuite skipped="0" hostname="DESKTOP-S1PH1A1" name="priority.PriorityTestExe1" tests="4" failures="0" timestamp="06 Jan 2019 12:10:12 GMT" time="14.029" errors="0">
  <testcase name="openBrowser" time="2.958" classname="priority.PriorityTestExe1"/>
  <testcase name="launchGoogle" time="5.146" classname="priority.PriorityTestExe1"/>
  <testcase name="serachClick" time="1.953" classname="priority.PriorityTestExe1"/>
  <testcase name="verify" time="3.972" classname="priority.PriorityTestExe1"/>
</testsuite> <!-- priority.PriorityTestExe1 -->
