<?xml version="1.0" encoding="UTF-8"?>
<!-- Generated by org.testng.reporters.JUnitReportReporter -->
<testsuite skipped="0" hostname="DESKTOP-S1PH1A1" name="dependencies.MethodDEpendsOnGroups" tests="3" failures="0" timestamp="20 Oct 2018 14:06:03 GMT" time="0.011" errors="0">
  <testcase name="serverStartedOk" time="0.002" classname="dependencies.MethodDEpendsOnGroups"/>
  <testcase name="EnvironmentSet" time="0.008" classname="dependencies.MethodDEpendsOnGroups"/>
  <testcase name="Execrise" time="0.001" classname="dependencies.MethodDEpendsOnGroups"/>
</testsuite> <!-- dependencies.MethodDEpendsOnGroups -->
