<?xml version="1.0" encoding="UTF-8"?>
<!-- Generated by org.testng.reporters.JUnitReportReporter -->
<testsuite skipped="0" hostname="DESKTOP-S1PH1A1" name="dataProvider.DataProvider2010Ex1" tests="2" failures="0" timestamp="20 Oct 2018 12:09:47 GMT" time="0.009" errors="0">
  <testcase name="TestDataProvider" time="0.008" classname="dataProvider.DataProvider2010Ex1"/>
  <testcase name="TestDataProvider" time="0.001" classname="dataProvider.DataProvider2010Ex1"/>
</testsuite> <!-- dataProvider.DataProvider2010Ex1 -->
