<?xml version="1.0" encoding="UTF-8"?>
<!-- Generated by org.testng.reporters.JUnitReportReporter -->
<testsuite skipped="0" hostname="DESKTOP-S1PH1A1" name="testNg1.DataProvider.DataProviderUsingCallingClassEx2" tests="2" failures="0" timestamp="20 Oct 2018 12:05:35 GMT" time="0.008" errors="0">
  <testcase name="TestDataProvider" time="0.007" classname="testNg1.DataProvider.DataProviderUsingCallingClassEx2"/>
  <testcase name="TestDataProvider" time="0.001" classname="testNg1.DataProvider.DataProviderUsingCallingClassEx2"/>
</testsuite> <!-- testNg1.DataProvider.DataProviderUsingCallingClassEx2 -->
